Change Component Designator: Old Designator=D? New Designator=D1
Change Component Designator: Old Designator=D? New Designator=D2
Change Component Designator: Old Designator=D? New Designator=D3
Change Component Designator: Old Designator=D? New Designator=D4
Change Component Designator: Old Designator=D? New Designator=D5
Change Component Designator: Old Designator=DS? New Designator=DS1
Change Component Designator: Old Designator=GB? New Designator=GB1
Change Component Designator: Old Designator=GB? New Designator=GB2
Change Component Designator: Old Designator=HA? New Designator=HA1
Change Component Designator: Old Designator=HG? New Designator=HG1
Change Component Designator: Old Designator=HL? New Designator=HL1
Change Component Designator: Old Designator=HL? New Designator=HL2
Change Component Designator: Old Designator=K? New Designator=K1
Change Component Designator: Old Designator=K? New Designator=K2
Change Component Designator: Old Designator=R? New Designator=R1
Change Component Designator: Old Designator=R? New Designator=R2
Change Component Designator: Old Designator=R? New Designator=R3
Change Component Designator: Old Designator=R? New Designator=R4
Change Component Designator: Old Designator=R? New Designator=R5
Change Component Designator: Old Designator=R? New Designator=R6
Change Component Designator: Old Designator=R? New Designator=R7
Change Component Designator: Old Designator=R? New Designator=R8
Change Component Designator: Old Designator=RP? New Designator=RP1
Change Component Designator: Old Designator=SB? New Designator=SB1
Change Component Designator: Old Designator=U? New Designator=U1
Change Component Designator: Old Designator=U? New Designator=U2
Change Component Designator: Old Designator=VT? New Designator=VT1
Change Component Designator: Old Designator=VT? New Designator=VT2
Change Component Designator: Old Designator=X? New Designator=X1
Change Component Designator: Old Designator=X? New Designator=X2
Change Component Designator: Old Designator=X? New Designator=X3
Change Component Designator: Old Designator=X? New Designator=X4
Change Component Designator: Old Designator=X? New Designator=X5
Change Component Designator: Old Designator=X? New Designator=X6
Change Component Designator: Old Designator=X? New Designator=X7
Change Component Designator: Old Designator=XS? New Designator=XS1
Change Component Designator: Old Designator=Ñ? New Designator=Ñ1
Change Component Designator: Old Designator=Ñ? New Designator=Ñ2
Change Component Designator: Old Designator=Ñ? New Designator=Ñ3
Change Component Designator: Old Designator=Ñ? New Designator=Ñ4
Change Component Designator: Old Designator=Ñ? New Designator=Ñ5
Change Component Designator: Old Designator=Ñ? New Designator=Ñ6
Change Component Designator: Old Designator=Ñ? New Designator=Ñ7
Change Component Designator: Old Designator=Ñ? New Designator=Ñ8
Change Component Designator: Old Designator=Ñ? New Designator=Ñ9
