Replace Part D? ESP32-WROOM in C:\Users\maxim\OneDrive\Документы\Altium Designer\Projects\Graduate Work\Sheet.SchDoc with ESP32-WROOM from User Library.IntLib
Replace Part D? DW01 in C:\Users\maxim\OneDrive\Документы\Altium Designer\Projects\Graduate Work\Sheet.SchDoc with DW01 from User Library.IntLib
Replace Part D? TP4056 in C:\Users\maxim\OneDrive\Документы\Altium Designer\Projects\Graduate Work\Sheet.SchDoc with TP4056 from User Library.IntLib
Replace Part D? AMS1117 in C:\Users\maxim\OneDrive\Документы\Altium Designer\Projects\Graduate Work\Sheet.SchDoc with AMS1117 from User Library.IntLib
Replace Part GB? Батарея in C:\Users\maxim\OneDrive\Документы\Altium Designer\Projects\Graduate Work\Sheet.SchDoc with Батарея from User Library.IntLib
Replace Part HL? Светодиод in C:\Users\maxim\OneDrive\Документы\Altium Designer\Projects\Graduate Work\Sheet.SchDoc with Светодиод from User Library.IntLib
Replace Part HL? Светодиод in C:\Users\maxim\OneDrive\Документы\Altium Designer\Projects\Graduate Work\Sheet.SchDoc with Светодиод from User Library.IntLib
Replace Part R? Резистор in C:\Users\maxim\OneDrive\Документы\Altium Designer\Projects\Graduate Work\Sheet.SchDoc with Резистор from User Library.IntLib
Replace Part R? Резистор in C:\Users\maxim\OneDrive\Документы\Altium Designer\Projects\Graduate Work\Sheet.SchDoc with Резистор from User Library.IntLib
Replace Part R? Резистор in C:\Users\maxim\OneDrive\Документы\Altium Designer\Projects\Graduate Work\Sheet.SchDoc with Резистор from User Library.IntLib
Replace Part R? Резистор in C:\Users\maxim\OneDrive\Документы\Altium Designer\Projects\Graduate Work\Sheet.SchDoc with Резистор from User Library.IntLib
Replace Part R? Резистор in C:\Users\maxim\OneDrive\Документы\Altium Designer\Projects\Graduate Work\Sheet.SchDoc with Резистор from User Library.IntLib
Replace Part R? Резистор in C:\Users\maxim\OneDrive\Документы\Altium Designer\Projects\Graduate Work\Sheet.SchDoc with Резистор from User Library.IntLib
Replace Part U? CH340G in C:\Users\maxim\OneDrive\Документы\Altium Designer\Projects\Graduate Work\Sheet.SchDoc with CH340G from User Library.IntLib
Replace Part VT? FS8205 in C:\Users\maxim\OneDrive\Документы\Altium Designer\Projects\Graduate Work\Sheet.SchDoc with FS8205 from User Library.IntLib
Replace Part X? Кварцевый Резонатор in C:\Users\maxim\OneDrive\Документы\Altium Designer\Projects\Graduate Work\Sheet.SchDoc with Кварцевый Резонатор from User Library.IntLib
Replace Part X? USB B in C:\Users\maxim\OneDrive\Документы\Altium Designer\Projects\Graduate Work\Sheet.SchDoc with USB B from User Library.IntLib
Replace Part XS? microSD in C:\Users\maxim\OneDrive\Документы\Altium Designer\Projects\Graduate Work\Sheet.SchDoc with microSD from User Library.IntLib
Replace Part С? Конденсатор in C:\Users\maxim\OneDrive\Документы\Altium Designer\Projects\Graduate Work\Sheet.SchDoc with Конденсатор from User Library.IntLib
Replace Part С? Конденсатор Полярный in C:\Users\maxim\OneDrive\Документы\Altium Designer\Projects\Graduate Work\Sheet.SchDoc with Конденсатор Полярный from User Library.IntLib
Replace Part С? Конденсатор in C:\Users\maxim\OneDrive\Документы\Altium Designer\Projects\Graduate Work\Sheet.SchDoc with Конденсатор from User Library.IntLib
Replace Part С? Конденсатор Полярный in C:\Users\maxim\OneDrive\Документы\Altium Designer\Projects\Graduate Work\Sheet.SchDoc with Конденсатор Полярный from User Library.IntLib
Replace Part С? Конденсатор in C:\Users\maxim\OneDrive\Документы\Altium Designer\Projects\Graduate Work\Sheet.SchDoc with Конденсатор from User Library.IntLib
Replace Part С? Конденсатор in C:\Users\maxim\OneDrive\Документы\Altium Designer\Projects\Graduate Work\Sheet.SchDoc with Конденсатор from User Library.IntLib
